<?xml version="1.0" encoding="UTF-8"?>
<!-- Generated by org.testng.reporters.JUnitReportReporter -->
<testsuite skipped="0" hostname="EPBYMINW2444" name="by.epam.atmentoring.design_patterns.test.PageObjectGmailTest" tests="5" failures="0" timestamp="15 Jul 2017 19:53:54 GMT" time="61.687" errors="0">
  <testcase name="mouseKeyboardActions" time="20.100" classname="by.epam.atmentoring.design_patterns.test.PageObjectGmailTest"/>
  <testcase name="jsInjection" time="7.800" classname="by.epam.atmentoring.design_patterns.test.PageObjectGmailTest"/>
  <testcase name="Scenario3" time="12.493" classname="by.epam.atmentoring.design_patterns.test.PageObjectGmailTest"/>
  <testcase name="Scenario2" time="8.165" classname="by.epam.atmentoring.design_patterns.test.PageObjectGmailTest"/>
  <testcase name="Scenario1" time="13.129" classname="by.epam.atmentoring.design_patterns.test.PageObjectGmailTest"/>
</testsuite> <!-- by.epam.atmentoring.design_patterns.test.PageObjectGmailTest -->
